2022-03-26 03:25:10,519 INFO org.springframework.boot.StartupInfoLogger [main] Starting AccesoadatosaaApplication using Java 11.0.11 on DESKTOP-BU39U52 with PID 14624 (E:\Asignaturas\2SegundoCurso\AA1EvPara entregar\Api\accesoadatosaa\target\classes started by Jose in E:\Asignaturas\2SegundoCurso\AA1EvPara entregar\Api\accesoadatosaa)
2022-03-26 03:25:10,522 INFO org.springframework.boot.SpringApplication [main] No active profile set, falling back to default profiles: default
2022-03-26 03:25:11,233 INFO org.springframework.data.repository.config.RepositoryConfigurationDelegate [main] Bootstrapping Spring Data JPA repositories in DEFAULT mode.
2022-03-26 03:25:11,303 INFO org.springframework.data.repository.config.RepositoryConfigurationDelegate [main] Finished Spring Data repository scanning in 59 ms. Found 4 JPA repository interfaces.
2022-03-26 03:25:12,010 INFO org.springframework.boot.web.embedded.tomcat.TomcatWebServer [main] Tomcat initialized with port(s): 8080 (http)
2022-03-26 03:25:12,022 INFO org.apache.juli.logging.DirectJDKLog [main] Initializing ProtocolHandler ["http-nio-8080"]
2022-03-26 03:25:12,023 INFO org.apache.juli.logging.DirectJDKLog [main] Starting service [Tomcat]
2022-03-26 03:25:12,024 INFO org.apache.juli.logging.DirectJDKLog [main] Starting Servlet engine: [Apache Tomcat/9.0.54]
2022-03-26 03:25:12,133 INFO org.apache.juli.logging.DirectJDKLog [main] Initializing Spring embedded WebApplicationContext
2022-03-26 03:25:12,133 INFO org.springframework.boot.web.servlet.context.ServletWebServerApplicationContext [main] Root WebApplicationContext: initialization completed in 1551 ms
2022-03-26 03:25:12,169 INFO com.zaxxer.hikari.HikariDataSource [main] HikariPool-1 - Starting...
2022-03-26 03:25:12,366 INFO com.zaxxer.hikari.HikariDataSource [main] HikariPool-1 - Start completed.
2022-03-26 03:25:12,372 INFO org.springframework.boot.autoconfigure.h2.H2ConsoleAutoConfiguration [main] H2 console available at '/h2-console'. Database available at 'jdbc:h2:file:C:/Users/Jose/repartos.db'
2022-03-26 03:25:12,531 INFO org.hibernate.jpa.internal.util.LogHelper [main] HHH000204: Processing PersistenceUnitInfo [name: default]
2022-03-26 03:25:12,586 INFO org.hibernate.Version [main] HHH000412: Hibernate ORM core version 5.4.32.Final
2022-03-26 03:25:12,729 INFO org.hibernate.annotations.common.reflection.java.JavaReflectionManager [main] HCANN000001: Hibernate Commons Annotations {5.1.2.Final}
2022-03-26 03:25:12,846 INFO org.hibernate.dialect.Dialect [main] HHH000400: Using dialect: org.hibernate.dialect.H2Dialect
2022-03-26 03:25:13,581 INFO org.hibernate.engine.transaction.jta.platform.internal.JtaPlatformInitiator [main] HHH000490: Using JtaPlatform implementation: [org.hibernate.engine.transaction.jta.platform.internal.NoJtaPlatform]
2022-03-26 03:25:13,590 INFO org.springframework.orm.jpa.AbstractEntityManagerFactoryBean [main] Initialized JPA EntityManagerFactory for persistence unit 'default'
2022-03-26 03:25:14,039 WARN org.springframework.boot.autoconfigure.orm.jpa.JpaBaseConfiguration$JpaWebConfiguration [main] spring.jpa.open-in-view is enabled by default. Therefore, database queries may be performed during view rendering. Explicitly configure spring.jpa.open-in-view to disable this warning
2022-03-26 03:25:14,305 INFO org.apache.juli.logging.DirectJDKLog [main] Starting ProtocolHandler ["http-nio-8080"]
2022-03-26 03:25:14,331 INFO org.springframework.boot.web.embedded.tomcat.TomcatWebServer [main] Tomcat started on port(s): 8080 (http) with context path ''
2022-03-26 03:25:14,342 INFO org.springframework.boot.StartupInfoLogger [main] Started AccesoadatosaaApplication in 4.265 seconds (JVM running for 4.984)
2022-03-26 04:01:48,089 INFO org.apache.juli.logging.DirectJDKLog [http-nio-8080-exec-2] Initializing Spring DispatcherServlet 'dispatcherServlet'
2022-03-26 04:01:48,092 INFO org.springframework.web.servlet.FrameworkServlet [http-nio-8080-exec-2] Initializing Servlet 'dispatcherServlet'
2022-03-26 04:01:48,099 INFO org.springframework.web.servlet.FrameworkServlet [http-nio-8080-exec-2] Completed initialization in 7 ms
2022-03-26 04:01:48,147 INFO com.josefco.accesoadatosaa.controller.UsuarioController [http-nio-8080-exec-2] begin getUsuarios
2022-03-26 04:01:48,228 INFO com.josefco.accesoadatosaa.controller.UsuarioController [http-nio-8080-exec-2] end getUsuarios
2022-03-26 04:06:21,160 INFO com.josefco.accesoadatosaa.controller.UsuarioController [http-nio-8080-exec-4] begin getUsuarios
2022-03-26 04:06:21,184 INFO com.josefco.accesoadatosaa.controller.UsuarioController [http-nio-8080-exec-4] end getUsuarios
2022-03-26 04:07:20,796 INFO com.josefco.accesoadatosaa.controller.UsuarioController [http-nio-8080-exec-6] begin getUsuarios
2022-03-26 04:07:20,798 INFO com.josefco.accesoadatosaa.controller.UsuarioController [http-nio-8080-exec-6] end getUsuarios
2022-03-26 04:08:08,036 INFO com.josefco.accesoadatosaa.controller.UsuarioController [http-nio-8080-exec-10] begin getUsuarios
2022-03-26 04:08:08,038 INFO com.josefco.accesoadatosaa.controller.UsuarioController [http-nio-8080-exec-10] end getUsuarios
2022-03-26 04:08:13,361 INFO com.josefco.accesoadatosaa.controller.UsuarioController [http-nio-8080-exec-1] begin getUsuarios
2022-03-26 04:08:13,364 INFO com.josefco.accesoadatosaa.controller.UsuarioController [http-nio-8080-exec-1] end getUsuarios
2022-03-26 04:11:34,729 INFO com.josefco.accesoadatosaa.controller.UsuarioController [http-nio-8080-exec-4] begin getUsuarios
2022-03-26 04:11:34,732 INFO com.josefco.accesoadatosaa.controller.UsuarioController [http-nio-8080-exec-4] end getUsuarios
2022-03-26 04:12:06,569 INFO com.josefco.accesoadatosaa.controller.UsuarioController [http-nio-8080-exec-5] begin getUsuarios
2022-03-26 04:12:06,572 INFO com.josefco.accesoadatosaa.controller.UsuarioController [http-nio-8080-exec-5] end getUsuarios
2022-03-26 04:14:04,854 INFO com.josefco.accesoadatosaa.controller.UsuarioController [http-nio-8080-exec-8] begin getUsuarios
2022-03-26 04:14:04,858 INFO com.josefco.accesoadatosaa.controller.UsuarioController [http-nio-8080-exec-8] end getUsuarios
2022-03-26 04:14:29,115 INFO com.josefco.accesoadatosaa.controller.UsuarioController [http-nio-8080-exec-10] begin getUsuarios
2022-03-26 04:14:29,123 INFO com.josefco.accesoadatosaa.controller.UsuarioController [http-nio-8080-exec-10] end getUsuarios
2022-03-26 04:14:33,121 INFO com.josefco.accesoadatosaa.controller.UsuarioController [http-nio-8080-exec-1] begin getUsuarios
2022-03-26 04:14:33,124 INFO com.josefco.accesoadatosaa.controller.UsuarioController [http-nio-8080-exec-1] end getUsuarios
2022-03-26 04:14:45,687 INFO com.josefco.accesoadatosaa.controller.UsuarioController [http-nio-8080-exec-2] begin getUsuarios
2022-03-26 04:14:45,689 INFO com.josefco.accesoadatosaa.controller.UsuarioController [http-nio-8080-exec-2] end getUsuarios
2022-03-26 04:16:20,406 INFO com.josefco.accesoadatosaa.controller.UsuarioController [http-nio-8080-exec-6] begin getUsuarios
2022-03-26 04:16:20,409 INFO com.josefco.accesoadatosaa.controller.UsuarioController [http-nio-8080-exec-6] end getUsuarios
2022-03-26 04:28:12,774 INFO com.josefco.accesoadatosaa.controller.UsuarioController [http-nio-8080-exec-8] begin getUsuarios
2022-03-26 04:28:12,777 INFO com.josefco.accesoadatosaa.controller.UsuarioController [http-nio-8080-exec-8] end getUsuarios
2022-03-26 04:29:03,184 INFO com.josefco.accesoadatosaa.controller.UsuarioController [http-nio-8080-exec-10] begin getUsuarios
2022-03-26 04:29:03,185 INFO com.josefco.accesoadatosaa.controller.UsuarioController [http-nio-8080-exec-10] end getUsuarios
2022-03-26 04:31:03,362 INFO com.josefco.accesoadatosaa.controller.UsuarioController [http-nio-8080-exec-2] begin getUsuarios
2022-03-26 04:31:03,364 INFO com.josefco.accesoadatosaa.controller.UsuarioController [http-nio-8080-exec-2] end getUsuarios
2022-03-26 04:34:17,156 INFO com.josefco.accesoadatosaa.controller.UsuarioController [http-nio-8080-exec-4] begin getUsuarios
2022-03-26 04:34:17,159 INFO com.josefco.accesoadatosaa.controller.UsuarioController [http-nio-8080-exec-4] end getUsuarios
2022-03-26 04:39:07,627 INFO com.josefco.accesoadatosaa.controller.UsuarioController [http-nio-8080-exec-6] begin getUsuarios
2022-03-26 04:39:07,630 INFO com.josefco.accesoadatosaa.controller.UsuarioController [http-nio-8080-exec-6] end getUsuarios
2022-03-26 04:39:56,814 INFO com.josefco.accesoadatosaa.controller.UsuarioController [http-nio-8080-exec-8] begin addUsuario
2022-03-26 04:39:56,979 INFO com.josefco.accesoadatosaa.controller.UsuarioController [http-nio-8080-exec-8] end addUsuario
2022-03-26 04:40:03,431 INFO com.josefco.accesoadatosaa.controller.UsuarioController [http-nio-8080-exec-9] begin getUsuarios
2022-03-26 04:40:03,434 INFO com.josefco.accesoadatosaa.controller.UsuarioController [http-nio-8080-exec-9] end getUsuarios
2022-03-26 19:07:10,937 INFO org.springframework.boot.StartupInfoLogger [main] Starting AccesoadatosaaApplication using Java 11.0.11 on DESKTOP-BU39U52 with PID 12008 (E:\Asignaturas\2SegundoCurso\AA1EvPara entregar\Api\accesoadatosaa\target\classes started by Jose in E:\Asignaturas\2SegundoCurso\AA1EvPara entregar\Api\accesoadatosaa)
2022-03-26 19:07:10,943 INFO org.springframework.boot.SpringApplication [main] No active profile set, falling back to default profiles: default
2022-03-26 19:07:11,602 INFO org.springframework.data.repository.config.RepositoryConfigurationDelegate [main] Bootstrapping Spring Data JPA repositories in DEFAULT mode.
2022-03-26 19:07:11,669 INFO org.springframework.data.repository.config.RepositoryConfigurationDelegate [main] Finished Spring Data repository scanning in 57 ms. Found 4 JPA repository interfaces.
2022-03-26 19:07:12,420 INFO org.springframework.boot.web.embedded.tomcat.TomcatWebServer [main] Tomcat initialized with port(s): 8080 (http)
2022-03-26 19:07:12,432 INFO org.apache.juli.logging.DirectJDKLog [main] Initializing ProtocolHandler ["http-nio-8080"]
2022-03-26 19:07:12,432 INFO org.apache.juli.logging.DirectJDKLog [main] Starting service [Tomcat]
2022-03-26 19:07:12,432 INFO org.apache.juli.logging.DirectJDKLog [main] Starting Servlet engine: [Apache Tomcat/9.0.54]
2022-03-26 19:07:12,529 INFO org.apache.juli.logging.DirectJDKLog [main] Initializing Spring embedded WebApplicationContext
2022-03-26 19:07:12,530 INFO org.springframework.boot.web.servlet.context.ServletWebServerApplicationContext [main] Root WebApplicationContext: initialization completed in 1538 ms
2022-03-26 19:07:12,560 INFO com.zaxxer.hikari.HikariDataSource [main] HikariPool-1 - Starting...
2022-03-26 19:07:12,739 INFO com.zaxxer.hikari.HikariDataSource [main] HikariPool-1 - Start completed.
2022-03-26 19:07:12,745 INFO org.springframework.boot.autoconfigure.h2.H2ConsoleAutoConfiguration [main] H2 console available at '/h2-console'. Database available at 'jdbc:h2:file:C:/Users/Jose/repartos.db'
2022-03-26 19:07:12,891 INFO org.hibernate.jpa.internal.util.LogHelper [main] HHH000204: Processing PersistenceUnitInfo [name: default]
2022-03-26 19:07:12,941 INFO org.hibernate.Version [main] HHH000412: Hibernate ORM core version 5.4.32.Final
2022-03-26 19:07:13,078 INFO org.hibernate.annotations.common.reflection.java.JavaReflectionManager [main] HCANN000001: Hibernate Commons Annotations {5.1.2.Final}
2022-03-26 19:07:13,180 INFO org.hibernate.dialect.Dialect [main] HHH000400: Using dialect: org.hibernate.dialect.H2Dialect
2022-03-26 19:07:13,873 INFO org.hibernate.engine.transaction.jta.platform.internal.JtaPlatformInitiator [main] HHH000490: Using JtaPlatform implementation: [org.hibernate.engine.transaction.jta.platform.internal.NoJtaPlatform]
2022-03-26 19:07:13,882 INFO org.springframework.orm.jpa.AbstractEntityManagerFactoryBean [main] Initialized JPA EntityManagerFactory for persistence unit 'default'
2022-03-26 19:07:14,356 WARN org.springframework.boot.autoconfigure.orm.jpa.JpaBaseConfiguration$JpaWebConfiguration [main] spring.jpa.open-in-view is enabled by default. Therefore, database queries may be performed during view rendering. Explicitly configure spring.jpa.open-in-view to disable this warning
2022-03-26 19:07:14,654 INFO org.apache.juli.logging.DirectJDKLog [main] Starting ProtocolHandler ["http-nio-8080"]
2022-03-26 19:07:14,681 INFO org.springframework.boot.web.embedded.tomcat.TomcatWebServer [main] Tomcat started on port(s): 8080 (http) with context path ''
2022-03-26 19:07:14,701 INFO org.springframework.boot.StartupInfoLogger [main] Started AccesoadatosaaApplication in 4.184 seconds (JVM running for 4.867)
2022-03-26 19:07:18,297 INFO org.apache.juli.logging.DirectJDKLog [http-nio-8080-exec-1] Initializing Spring DispatcherServlet 'dispatcherServlet'
2022-03-26 19:07:18,298 INFO org.springframework.web.servlet.FrameworkServlet [http-nio-8080-exec-1] Initializing Servlet 'dispatcherServlet'
2022-03-26 19:07:18,299 INFO org.springframework.web.servlet.FrameworkServlet [http-nio-8080-exec-1] Completed initialization in 1 ms
2022-03-26 19:07:18,332 INFO com.josefco.accesoadatosaa.controller.UsuarioController [http-nio-8080-exec-1] begin getUsuarios
2022-03-26 19:07:18,389 INFO com.josefco.accesoadatosaa.controller.UsuarioController [http-nio-8080-exec-1] end getUsuarios
2022-03-26 19:08:38,713 INFO com.josefco.accesoadatosaa.controller.UsuarioController [http-nio-8080-exec-3] begin getUsuarios
2022-03-26 19:08:38,715 INFO com.josefco.accesoadatosaa.controller.UsuarioController [http-nio-8080-exec-3] end getUsuarios
2022-03-26 19:08:53,209 INFO com.josefco.accesoadatosaa.controller.UsuarioController [http-nio-8080-exec-4] begin getUsuarios
2022-03-26 19:08:53,211 INFO com.josefco.accesoadatosaa.controller.UsuarioController [http-nio-8080-exec-4] end getUsuarios
2022-03-26 19:09:10,321 INFO com.josefco.accesoadatosaa.controller.UsuarioController [http-nio-8080-exec-5] begin getUsuarios
2022-03-26 19:09:10,323 INFO com.josefco.accesoadatosaa.controller.UsuarioController [http-nio-8080-exec-5] end getUsuarios
