2022-04-15 19:37:37,576 INFO org.springframework.boot.StartupInfoLogger [main] Starting AccesoadatosaaApplication using Java 11.0.11 on DESKTOP-BU39U52 with PID 5776 (E:\Asignaturas\2SegundoCurso\AA1EvPara entregar\Api\accesoadatosaa\target\classes started by Jose in E:\Asignaturas\2SegundoCurso\AA1EvPara entregar\Api\accesoadatosaa)
2022-04-15 19:37:37,580 INFO org.springframework.boot.SpringApplication [main] No active profile set, falling back to default profiles: default
2022-04-15 19:37:38,274 INFO org.springframework.data.repository.config.RepositoryConfigurationDelegate [main] Bootstrapping Spring Data JPA repositories in DEFAULT mode.
2022-04-15 19:37:38,340 INFO org.springframework.data.repository.config.RepositoryConfigurationDelegate [main] Finished Spring Data repository scanning in 56 ms. Found 4 JPA repository interfaces.
2022-04-15 19:37:39,039 INFO org.springframework.boot.web.embedded.tomcat.TomcatWebServer [main] Tomcat initialized with port(s): 8080 (http)
2022-04-15 19:37:39,050 INFO org.apache.juli.logging.DirectJDKLog [main] Initializing ProtocolHandler ["http-nio-8080"]
2022-04-15 19:37:39,051 INFO org.apache.juli.logging.DirectJDKLog [main] Starting service [Tomcat]
2022-04-15 19:37:39,051 INFO org.apache.juli.logging.DirectJDKLog [main] Starting Servlet engine: [Apache Tomcat/9.0.54]
2022-04-15 19:37:39,175 INFO org.apache.juli.logging.DirectJDKLog [main] Initializing Spring embedded WebApplicationContext
2022-04-15 19:37:39,176 INFO org.springframework.boot.web.servlet.context.ServletWebServerApplicationContext [main] Root WebApplicationContext: initialization completed in 1543 ms
2022-04-15 19:37:39,210 INFO com.zaxxer.hikari.HikariDataSource [main] HikariPool-1 - Starting...
2022-04-15 19:37:39,375 INFO com.zaxxer.hikari.HikariDataSource [main] HikariPool-1 - Start completed.
2022-04-15 19:37:39,381 INFO org.springframework.boot.autoconfigure.h2.H2ConsoleAutoConfiguration [main] H2 console available at '/h2-console'. Database available at 'jdbc:h2:file:C:/Users/Jose/repartos.db'
2022-04-15 19:37:39,539 INFO org.hibernate.jpa.internal.util.LogHelper [main] HHH000204: Processing PersistenceUnitInfo [name: default]
2022-04-15 19:37:39,592 INFO org.hibernate.Version [main] HHH000412: Hibernate ORM core version 5.4.32.Final
2022-04-15 19:37:39,729 INFO org.hibernate.annotations.common.reflection.java.JavaReflectionManager [main] HCANN000001: Hibernate Commons Annotations {5.1.2.Final}
2022-04-15 19:37:39,841 INFO org.hibernate.dialect.Dialect [main] HHH000400: Using dialect: org.hibernate.dialect.H2Dialect
2022-04-15 19:37:40,606 INFO org.hibernate.engine.transaction.jta.platform.internal.JtaPlatformInitiator [main] HHH000490: Using JtaPlatform implementation: [org.hibernate.engine.transaction.jta.platform.internal.NoJtaPlatform]
2022-04-15 19:37:40,618 INFO org.springframework.orm.jpa.AbstractEntityManagerFactoryBean [main] Initialized JPA EntityManagerFactory for persistence unit 'default'
2022-04-15 19:37:41,125 WARN org.springframework.boot.autoconfigure.orm.jpa.JpaBaseConfiguration$JpaWebConfiguration [main] spring.jpa.open-in-view is enabled by default. Therefore, database queries may be performed during view rendering. Explicitly configure spring.jpa.open-in-view to disable this warning
2022-04-15 19:37:41,407 INFO org.apache.juli.logging.DirectJDKLog [main] Starting ProtocolHandler ["http-nio-8080"]
2022-04-15 19:37:41,432 INFO org.springframework.boot.web.embedded.tomcat.TomcatWebServer [main] Tomcat started on port(s): 8080 (http) with context path ''
2022-04-15 19:37:41,444 INFO org.springframework.boot.StartupInfoLogger [main] Started AccesoadatosaaApplication in 4.277 seconds (JVM running for 4.945)
2022-04-15 19:38:11,702 INFO org.apache.juli.logging.DirectJDKLog [http-nio-8080-exec-1] Initializing Spring DispatcherServlet 'dispatcherServlet'
2022-04-15 19:38:11,703 INFO org.springframework.web.servlet.FrameworkServlet [http-nio-8080-exec-1] Initializing Servlet 'dispatcherServlet'
2022-04-15 19:38:11,705 INFO org.springframework.web.servlet.FrameworkServlet [http-nio-8080-exec-1] Completed initialization in 1 ms
2022-04-15 19:38:11,738 INFO com.josefco.accesoadatosaa.controller.UsuarioController [http-nio-8080-exec-1] begin getUsuarios
2022-04-15 19:38:11,802 INFO com.josefco.accesoadatosaa.controller.UsuarioController [http-nio-8080-exec-1] end getUsuarios
2022-04-15 19:38:17,397 INFO com.josefco.accesoadatosaa.controller.UsuarioController [http-nio-8080-exec-3] begin getUsuario
2022-04-15 19:38:17,403 INFO com.josefco.accesoadatosaa.controller.UsuarioController [http-nio-8080-exec-3] end getUsuario
2022-04-15 19:38:25,255 INFO com.josefco.accesoadatosaa.controller.UsuarioController [http-nio-8080-exec-4] begin getUsuario
2022-04-15 19:38:25,260 INFO com.josefco.accesoadatosaa.controller.UsuarioController [http-nio-8080-exec-4] Usuario no encontrado
2022-04-15 19:38:32,961 INFO com.josefco.accesoadatosaa.controller.UsuarioController [http-nio-8080-exec-5] begin getUsuario
2022-04-15 19:38:32,963 INFO com.josefco.accesoadatosaa.controller.UsuarioController [http-nio-8080-exec-5] end getUsuario
