2022-03-27 00:08:16,194 INFO org.springframework.boot.StartupInfoLogger [main] Starting AccesoadatosaaApplication using Java 11.0.11 on DESKTOP-BU39U52 with PID 14716 (E:\Asignaturas\2SegundoCurso\AA1EvPara entregar\Api\accesoadatosaa\target\classes started by Jose in E:\Asignaturas\2SegundoCurso\AA1EvPara entregar\Api\accesoadatosaa)
2022-03-27 00:08:16,200 INFO org.springframework.boot.SpringApplication [main] No active profile set, falling back to default profiles: default
2022-03-27 00:08:17,013 INFO org.springframework.data.repository.config.RepositoryConfigurationDelegate [main] Bootstrapping Spring Data JPA repositories in DEFAULT mode.
2022-03-27 00:08:17,075 INFO org.springframework.data.repository.config.RepositoryConfigurationDelegate [main] Finished Spring Data repository scanning in 51 ms. Found 4 JPA repository interfaces.
2022-03-27 00:08:17,930 INFO org.springframework.boot.web.embedded.tomcat.TomcatWebServer [main] Tomcat initialized with port(s): 8080 (http)
2022-03-27 00:08:17,951 INFO org.apache.juli.logging.DirectJDKLog [main] Initializing ProtocolHandler ["http-nio-8080"]
2022-03-27 00:08:17,953 INFO org.apache.juli.logging.DirectJDKLog [main] Starting service [Tomcat]
2022-03-27 00:08:17,953 INFO org.apache.juli.logging.DirectJDKLog [main] Starting Servlet engine: [Apache Tomcat/9.0.54]
2022-03-27 00:08:18,086 INFO org.apache.juli.logging.DirectJDKLog [main] Initializing Spring embedded WebApplicationContext
2022-03-27 00:08:18,086 INFO org.springframework.boot.web.servlet.context.ServletWebServerApplicationContext [main] Root WebApplicationContext: initialization completed in 1840 ms
2022-03-27 00:08:18,121 INFO com.zaxxer.hikari.HikariDataSource [main] HikariPool-1 - Starting...
2022-03-27 00:08:18,347 INFO com.zaxxer.hikari.HikariDataSource [main] HikariPool-1 - Start completed.
2022-03-27 00:08:18,355 INFO org.springframework.boot.autoconfigure.h2.H2ConsoleAutoConfiguration [main] H2 console available at '/h2-console'. Database available at 'jdbc:h2:file:C:/Users/Jose/repartos.db'
2022-03-27 00:08:18,562 INFO org.hibernate.jpa.internal.util.LogHelper [main] HHH000204: Processing PersistenceUnitInfo [name: default]
2022-03-27 00:08:18,626 INFO org.hibernate.Version [main] HHH000412: Hibernate ORM core version 5.4.32.Final
2022-03-27 00:08:18,765 INFO org.hibernate.annotations.common.reflection.java.JavaReflectionManager [main] HCANN000001: Hibernate Commons Annotations {5.1.2.Final}
2022-03-27 00:08:18,903 INFO org.hibernate.dialect.Dialect [main] HHH000400: Using dialect: org.hibernate.dialect.H2Dialect
2022-03-27 00:08:19,681 INFO org.hibernate.engine.transaction.jta.platform.internal.JtaPlatformInitiator [main] HHH000490: Using JtaPlatform implementation: [org.hibernate.engine.transaction.jta.platform.internal.NoJtaPlatform]
2022-03-27 00:08:19,691 INFO org.springframework.orm.jpa.AbstractEntityManagerFactoryBean [main] Initialized JPA EntityManagerFactory for persistence unit 'default'
2022-03-27 00:08:20,226 WARN org.springframework.boot.autoconfigure.orm.jpa.JpaBaseConfiguration$JpaWebConfiguration [main] spring.jpa.open-in-view is enabled by default. Therefore, database queries may be performed during view rendering. Explicitly configure spring.jpa.open-in-view to disable this warning
2022-03-27 00:08:20,538 INFO org.apache.juli.logging.DirectJDKLog [main] Starting ProtocolHandler ["http-nio-8080"]
2022-03-27 00:08:20,560 INFO org.springframework.boot.web.embedded.tomcat.TomcatWebServer [main] Tomcat started on port(s): 8080 (http) with context path ''
2022-03-27 00:08:20,570 INFO org.springframework.boot.StartupInfoLogger [main] Started AccesoadatosaaApplication in 4.82 seconds (JVM running for 5.5)
2022-03-27 01:44:30,676 INFO org.apache.juli.logging.DirectJDKLog [http-nio-8080-exec-4] Initializing Spring DispatcherServlet 'dispatcherServlet'
2022-03-27 01:44:30,688 INFO org.springframework.web.servlet.FrameworkServlet [http-nio-8080-exec-4] Initializing Servlet 'dispatcherServlet'
2022-03-27 01:44:30,721 INFO org.springframework.web.servlet.FrameworkServlet [http-nio-8080-exec-4] Completed initialization in 33 ms
2022-03-27 01:44:30,805 INFO com.josefco.accesoadatosaa.controller.PaqueteController [http-nio-8080-exec-4] begin findAllPaquetees
2022-03-27 01:44:30,954 INFO com.josefco.accesoadatosaa.controller.PaqueteController [http-nio-8080-exec-4] end findAllPaquetees
2022-03-27 01:45:09,417 INFO com.josefco.accesoadatosaa.controller.PaqueteController [http-nio-8080-exec-5] begin findAllPaquetees
2022-03-27 01:45:09,421 INFO com.josefco.accesoadatosaa.controller.PaqueteController [http-nio-8080-exec-5] end findAllPaquetees
2022-03-27 01:45:45,129 INFO com.josefco.accesoadatosaa.controller.PaqueteController [http-nio-8080-exec-9] begin findAllPaquetees
2022-03-27 01:45:45,133 INFO com.josefco.accesoadatosaa.controller.PaqueteController [http-nio-8080-exec-9] end findAllPaquetees
2022-03-27 03:58:15,374 INFO com.josefco.accesoadatosaa.controller.UsuarioController [http-nio-8080-exec-3] begin getUsuarios
2022-03-27 03:58:15,412 INFO com.josefco.accesoadatosaa.controller.UsuarioController [http-nio-8080-exec-3] end getUsuarios
2022-03-27 03:58:22,026 INFO com.josefco.accesoadatosaa.controller.UsuarioController [http-nio-8080-exec-8] begin getUsuario
2022-03-27 03:58:22,051 INFO com.josefco.accesoadatosaa.controller.UsuarioController [http-nio-8080-exec-8] Usuario no encontrado
2022-03-27 04:03:40,388 INFO com.josefco.accesoadatosaa.controller.UsuarioController [http-nio-8080-exec-5] begin getUsuarios
2022-03-27 04:03:40,392 INFO com.josefco.accesoadatosaa.controller.UsuarioController [http-nio-8080-exec-5] end getUsuarios
2022-03-27 04:03:46,428 INFO com.josefco.accesoadatosaa.controller.UsuarioController [http-nio-8080-exec-6] begin getUsuario
2022-03-27 04:03:46,429 INFO com.josefco.accesoadatosaa.controller.UsuarioController [http-nio-8080-exec-6] Usuario no encontrado
2022-03-27 04:11:35,865 INFO com.josefco.accesoadatosaa.controller.UsuarioController [http-nio-8080-exec-7] begin getUsuario
2022-03-27 04:11:35,869 INFO com.josefco.accesoadatosaa.controller.UsuarioController [http-nio-8080-exec-7] Usuario no encontrado
2022-03-27 04:49:05,525 INFO com.josefco.accesoadatosaa.controller.UsuarioController [http-nio-8080-exec-3] begin getUsuarios
2022-03-27 04:49:05,532 INFO com.josefco.accesoadatosaa.controller.UsuarioController [http-nio-8080-exec-3] end getUsuarios
2022-03-27 04:49:08,035 INFO com.josefco.accesoadatosaa.controller.PaqueteController [http-nio-8080-exec-8] begin findAllPaquetees
2022-03-27 04:49:08,040 INFO com.josefco.accesoadatosaa.controller.PaqueteController [http-nio-8080-exec-8] end findAllPaquetees
2022-03-27 04:50:58,919 INFO com.josefco.accesoadatosaa.controller.CamionController [http-nio-8080-exec-5] begin findAllCamiones
2022-03-27 04:50:58,945 INFO com.josefco.accesoadatosaa.controller.CamionController [http-nio-8080-exec-5] End findAllCamiones
2022-03-27 04:51:07,959 INFO com.josefco.accesoadatosaa.controller.CamionController [http-nio-8080-exec-9] begin findAllCamiones
2022-03-27 04:51:07,961 INFO com.josefco.accesoadatosaa.controller.CamionController [http-nio-8080-exec-9] End findAllCamiones
2022-03-27 04:52:19,409 INFO com.josefco.accesoadatosaa.controller.ConductorController [http-nio-8080-exec-3] begin findAllConductores
2022-03-27 04:52:19,415 INFO com.josefco.accesoadatosaa.controller.ConductorController [http-nio-8080-exec-3] end findAllConductores
2022-03-27 04:52:47,062 INFO com.josefco.accesoadatosaa.controller.CamionController [http-nio-8080-exec-8] begin saveCamion
2022-03-27 04:52:47,200 INFO com.josefco.accesoadatosaa.controller.CamionController [http-nio-8080-exec-8] end saveCamion
2022-03-27 04:52:51,017 INFO com.josefco.accesoadatosaa.controller.CamionController [http-nio-8080-exec-2] begin findAllCamiones
2022-03-27 04:52:51,019 INFO com.josefco.accesoadatosaa.controller.CamionController [http-nio-8080-exec-2] End findAllCamiones
2022-03-27 05:20:45,769 INFO com.josefco.accesoadatosaa.controller.ConductorController [http-nio-8080-exec-6] begin findAllConductores
2022-03-27 05:20:45,776 INFO com.josefco.accesoadatosaa.controller.ConductorController [http-nio-8080-exec-6] end findAllConductores
2022-03-27 05:20:50,454 INFO com.josefco.accesoadatosaa.controller.CamionController [http-nio-8080-exec-9] begin findAllCamiones
2022-03-27 05:20:50,457 INFO com.josefco.accesoadatosaa.controller.CamionController [http-nio-8080-exec-9] End findAllCamiones
2022-03-27 05:20:52,896 INFO com.josefco.accesoadatosaa.controller.UsuarioController [http-nio-8080-exec-1] begin getUsuarios
2022-03-27 05:20:52,899 INFO com.josefco.accesoadatosaa.controller.UsuarioController [http-nio-8080-exec-1] end getUsuarios
2022-03-27 05:20:55,601 INFO com.josefco.accesoadatosaa.controller.PaqueteController [http-nio-8080-exec-7] begin findAllPaquetees
2022-03-27 05:20:55,606 INFO com.josefco.accesoadatosaa.controller.PaqueteController [http-nio-8080-exec-7] end findAllPaquetees
2022-03-27 05:20:58,679 INFO com.josefco.accesoadatosaa.controller.PaqueteController [http-nio-8080-exec-10] begin findAllPaquetees
2022-03-27 05:20:58,683 INFO com.josefco.accesoadatosaa.controller.PaqueteController [http-nio-8080-exec-10] end findAllPaquetees
2022-03-27 05:22:13,417 INFO com.josefco.accesoadatosaa.controller.PaqueteController [http-nio-8080-exec-6] begin findAllPaquetees
2022-03-27 05:22:13,420 INFO com.josefco.accesoadatosaa.controller.PaqueteController [http-nio-8080-exec-6] end findAllPaquetees
