2022-03-08 18:09:37,725 INFO org.springframework.boot.StartupInfoLogger [main] Starting AccesoadatosaaApplication using Java 11.0.11 on DESKTOP-BU39U52 with PID 2340 (E:\Asignaturas\2SegundoCurso\AA1EvPara entregar\Api\accesoadatosaa\target\classes started by Jose in E:\Asignaturas\2SegundoCurso\AA1EvPara entregar\Api\accesoadatosaa)
2022-03-08 18:09:37,732 INFO org.springframework.boot.SpringApplication [main] No active profile set, falling back to default profiles: default
2022-03-08 18:09:38,655 INFO org.springframework.data.repository.config.RepositoryConfigurationDelegate [main] Bootstrapping Spring Data JPA repositories in DEFAULT mode.
2022-03-08 18:09:38,721 INFO org.springframework.data.repository.config.RepositoryConfigurationDelegate [main] Finished Spring Data repository scanning in 55 ms. Found 4 JPA repository interfaces.
2022-03-08 18:09:39,425 INFO org.springframework.boot.web.embedded.tomcat.TomcatWebServer [main] Tomcat initialized with port(s): 8080 (http)
2022-03-08 18:09:39,435 INFO org.apache.juli.logging.DirectJDKLog [main] Initializing ProtocolHandler ["http-nio-8080"]
2022-03-08 18:09:39,436 INFO org.apache.juli.logging.DirectJDKLog [main] Starting service [Tomcat]
2022-03-08 18:09:39,436 INFO org.apache.juli.logging.DirectJDKLog [main] Starting Servlet engine: [Apache Tomcat/9.0.54]
2022-03-08 18:09:39,539 INFO org.apache.juli.logging.DirectJDKLog [main] Initializing Spring embedded WebApplicationContext
2022-03-08 18:09:39,539 INFO org.springframework.boot.web.servlet.context.ServletWebServerApplicationContext [main] Root WebApplicationContext: initialization completed in 1722 ms
2022-03-08 18:09:39,574 INFO com.zaxxer.hikari.HikariDataSource [main] HikariPool-1 - Starting...
2022-03-08 18:09:39,763 INFO com.zaxxer.hikari.HikariDataSource [main] HikariPool-1 - Start completed.
2022-03-08 18:09:39,770 INFO org.springframework.boot.autoconfigure.h2.H2ConsoleAutoConfiguration [main] H2 console available at '/h2-console'. Database available at 'jdbc:h2:file:C:/Users/Jose/repartos.db'
2022-03-08 18:09:39,913 INFO org.hibernate.jpa.internal.util.LogHelper [main] HHH000204: Processing PersistenceUnitInfo [name: default]
2022-03-08 18:09:39,957 INFO org.hibernate.Version [main] HHH000412: Hibernate ORM core version 5.4.32.Final
2022-03-08 18:09:40,072 INFO org.hibernate.annotations.common.reflection.java.JavaReflectionManager [main] HCANN000001: Hibernate Commons Annotations {5.1.2.Final}
2022-03-08 18:09:40,173 INFO org.hibernate.dialect.Dialect [main] HHH000400: Using dialect: org.hibernate.dialect.H2Dialect
2022-03-08 18:09:40,970 INFO org.hibernate.engine.transaction.jta.platform.internal.JtaPlatformInitiator [main] HHH000490: Using JtaPlatform implementation: [org.hibernate.engine.transaction.jta.platform.internal.NoJtaPlatform]
2022-03-08 18:09:40,982 INFO org.springframework.orm.jpa.AbstractEntityManagerFactoryBean [main] Initialized JPA EntityManagerFactory for persistence unit 'default'
2022-03-08 18:09:41,516 WARN org.springframework.boot.autoconfigure.orm.jpa.JpaBaseConfiguration$JpaWebConfiguration [main] spring.jpa.open-in-view is enabled by default. Therefore, database queries may be performed during view rendering. Explicitly configure spring.jpa.open-in-view to disable this warning
2022-03-08 18:09:41,846 INFO org.apache.juli.logging.DirectJDKLog [main] Starting ProtocolHandler ["http-nio-8080"]
2022-03-08 18:09:41,873 INFO org.springframework.boot.web.embedded.tomcat.TomcatWebServer [main] Tomcat started on port(s): 8080 (http) with context path ''
2022-03-08 18:09:41,890 INFO org.springframework.boot.StartupInfoLogger [main] Started AccesoadatosaaApplication in 4.575 seconds (JVM running for 5.248)
2022-03-08 18:10:21,001 INFO org.apache.juli.logging.DirectJDKLog [http-nio-8080-exec-2] Initializing Spring DispatcherServlet 'dispatcherServlet'
2022-03-08 18:10:21,002 INFO org.springframework.web.servlet.FrameworkServlet [http-nio-8080-exec-2] Initializing Servlet 'dispatcherServlet'
2022-03-08 18:10:21,003 INFO org.springframework.web.servlet.FrameworkServlet [http-nio-8080-exec-2] Completed initialization in 1 ms
2022-03-08 18:10:33,324 INFO com.josefco.accesoadatosaa.controller.PaqueteController [http-nio-8080-exec-4] begin addPaquete
2022-03-08 18:10:33,485 INFO com.josefco.accesoadatosaa.controller.PaqueteController [http-nio-8080-exec-4] end addPaquete
2022-03-08 18:10:57,108 INFO com.josefco.accesoadatosaa.controller.PaqueteController [http-nio-8080-exec-7] begin findPaquete by id 97
2022-03-08 18:10:57,116 INFO com.josefco.accesoadatosaa.controller.PaqueteController [http-nio-8080-exec-7] end findPaquete by id 97
2022-03-08 18:13:54,103 INFO org.springframework.boot.StartupInfoLogger [main] Starting AccesoadatosaaApplication using Java 11.0.11 on DESKTOP-BU39U52 with PID 5960 (E:\Asignaturas\2SegundoCurso\AA1EvPara entregar\Api\accesoadatosaa\target\classes started by Jose in E:\Asignaturas\2SegundoCurso\AA1EvPara entregar\Api\accesoadatosaa)
2022-03-08 18:13:54,105 INFO org.springframework.boot.SpringApplication [main] No active profile set, falling back to default profiles: default
2022-03-08 18:13:54,840 INFO org.springframework.data.repository.config.RepositoryConfigurationDelegate [main] Bootstrapping Spring Data JPA repositories in DEFAULT mode.
2022-03-08 18:13:54,920 INFO org.springframework.data.repository.config.RepositoryConfigurationDelegate [main] Finished Spring Data repository scanning in 73 ms. Found 4 JPA repository interfaces.
2022-03-08 18:13:55,698 INFO org.springframework.boot.web.embedded.tomcat.TomcatWebServer [main] Tomcat initialized with port(s): 8080 (http)
2022-03-08 18:13:55,713 INFO org.apache.juli.logging.DirectJDKLog [main] Initializing ProtocolHandler ["http-nio-8080"]
2022-03-08 18:13:55,715 INFO org.apache.juli.logging.DirectJDKLog [main] Starting service [Tomcat]
2022-03-08 18:13:55,715 INFO org.apache.juli.logging.DirectJDKLog [main] Starting Servlet engine: [Apache Tomcat/9.0.54]
2022-03-08 18:13:55,887 INFO org.apache.juli.logging.DirectJDKLog [main] Initializing Spring embedded WebApplicationContext
2022-03-08 18:13:55,888 INFO org.springframework.boot.web.servlet.context.ServletWebServerApplicationContext [main] Root WebApplicationContext: initialization completed in 1723 ms
2022-03-08 18:13:55,938 INFO com.zaxxer.hikari.HikariDataSource [main] HikariPool-1 - Starting...
2022-03-08 18:13:56,128 INFO com.zaxxer.hikari.HikariDataSource [main] HikariPool-1 - Start completed.
2022-03-08 18:13:56,136 INFO org.springframework.boot.autoconfigure.h2.H2ConsoleAutoConfiguration [main] H2 console available at '/h2-console'. Database available at 'jdbc:h2:file:C:/Users/Jose/repartos.db'
2022-03-08 18:13:56,336 INFO org.hibernate.jpa.internal.util.LogHelper [main] HHH000204: Processing PersistenceUnitInfo [name: default]
2022-03-08 18:13:56,383 INFO org.hibernate.Version [main] HHH000412: Hibernate ORM core version 5.4.32.Final
2022-03-08 18:13:56,502 INFO org.hibernate.annotations.common.reflection.java.JavaReflectionManager [main] HCANN000001: Hibernate Commons Annotations {5.1.2.Final}
2022-03-08 18:13:56,641 INFO org.hibernate.dialect.Dialect [main] HHH000400: Using dialect: org.hibernate.dialect.H2Dialect
2022-03-08 18:13:57,370 INFO org.hibernate.engine.transaction.jta.platform.internal.JtaPlatformInitiator [main] HHH000490: Using JtaPlatform implementation: [org.hibernate.engine.transaction.jta.platform.internal.NoJtaPlatform]
2022-03-08 18:13:57,378 INFO org.springframework.orm.jpa.AbstractEntityManagerFactoryBean [main] Initialized JPA EntityManagerFactory for persistence unit 'default'
2022-03-08 18:13:57,868 WARN org.springframework.boot.autoconfigure.orm.jpa.JpaBaseConfiguration$JpaWebConfiguration [main] spring.jpa.open-in-view is enabled by default. Therefore, database queries may be performed during view rendering. Explicitly configure spring.jpa.open-in-view to disable this warning
2022-03-08 18:13:58,179 INFO org.apache.juli.logging.DirectJDKLog [main] Starting ProtocolHandler ["http-nio-8080"]
2022-03-08 18:13:58,207 INFO org.springframework.boot.web.embedded.tomcat.TomcatWebServer [main] Tomcat started on port(s): 8080 (http) with context path ''
2022-03-08 18:13:58,226 INFO org.springframework.boot.StartupInfoLogger [main] Started AccesoadatosaaApplication in 4.545 seconds (JVM running for 5.173)
2022-03-08 18:14:32,397 INFO org.apache.juli.logging.DirectJDKLog [http-nio-8080-exec-1] Initializing Spring DispatcherServlet 'dispatcherServlet'
2022-03-08 18:14:32,398 INFO org.springframework.web.servlet.FrameworkServlet [http-nio-8080-exec-1] Initializing Servlet 'dispatcherServlet'
2022-03-08 18:14:32,399 INFO org.springframework.web.servlet.FrameworkServlet [http-nio-8080-exec-1] Completed initialization in 1 ms
2022-03-08 18:17:04,596 INFO com.josefco.accesoadatosaa.controller.UsuarioController [http-nio-8080-exec-4] begin getUsuarios
2022-03-08 18:17:04,665 INFO com.josefco.accesoadatosaa.controller.UsuarioController [http-nio-8080-exec-4] end getUsuarios
2022-03-08 18:17:15,797 INFO com.josefco.accesoadatosaa.controller.UsuarioController [http-nio-8080-exec-5] begin getUsuarios
2022-03-08 18:17:15,818 INFO com.josefco.accesoadatosaa.controller.UsuarioController [http-nio-8080-exec-5] end getUsuarios
2022-03-08 18:17:25,876 INFO com.josefco.accesoadatosaa.controller.UsuarioController [http-nio-8080-exec-6] begin getUsuarios
2022-03-08 18:17:25,884 INFO com.josefco.accesoadatosaa.controller.UsuarioController [http-nio-8080-exec-6] end getUsuarios
2022-03-08 18:17:32,194 INFO com.josefco.accesoadatosaa.controller.UsuarioController [http-nio-8080-exec-7] begin getUsuarios
2022-03-08 18:17:32,197 INFO com.josefco.accesoadatosaa.controller.UsuarioController [http-nio-8080-exec-7] end getUsuarios
2022-03-08 18:17:35,500 INFO com.josefco.accesoadatosaa.controller.UsuarioController [http-nio-8080-exec-8] begin getUsuarios
2022-03-08 18:17:35,502 INFO com.josefco.accesoadatosaa.controller.UsuarioController [http-nio-8080-exec-8] end getUsuarios
2022-03-08 18:17:37,932 INFO com.josefco.accesoadatosaa.controller.UsuarioController [http-nio-8080-exec-9] begin getUsuarios
2022-03-08 18:17:37,934 INFO com.josefco.accesoadatosaa.controller.UsuarioController [http-nio-8080-exec-9] end getUsuarios
2022-03-08 18:17:45,862 INFO com.josefco.accesoadatosaa.controller.UsuarioController [http-nio-8080-exec-10] begin getUsuarios
2022-03-08 18:17:45,866 INFO com.josefco.accesoadatosaa.controller.UsuarioController [http-nio-8080-exec-10] end getUsuarios
2022-03-08 18:17:48,340 INFO com.josefco.accesoadatosaa.controller.UsuarioController [http-nio-8080-exec-2] begin getUsuarios
2022-03-08 18:17:48,343 INFO com.josefco.accesoadatosaa.controller.UsuarioController [http-nio-8080-exec-2] end getUsuarios
2022-03-08 18:17:54,092 INFO com.josefco.accesoadatosaa.controller.UsuarioController [http-nio-8080-exec-1] begin getUsuarios
2022-03-08 18:17:54,094 INFO com.josefco.accesoadatosaa.controller.UsuarioController [http-nio-8080-exec-1] end getUsuarios
2022-03-08 18:31:27,763 INFO org.springframework.boot.StartupInfoLogger [main] Starting AccesoadatosaaApplication using Java 11.0.11 on DESKTOP-BU39U52 with PID 19264 (E:\Asignaturas\2SegundoCurso\AA1EvPara entregar\Api\accesoadatosaa\target\classes started by Jose in E:\Asignaturas\2SegundoCurso\AA1EvPara entregar\Api\accesoadatosaa)
2022-03-08 18:31:27,766 INFO org.springframework.boot.SpringApplication [main] No active profile set, falling back to default profiles: default
2022-03-08 18:31:28,398 INFO org.springframework.data.repository.config.RepositoryConfigurationDelegate [main] Bootstrapping Spring Data JPA repositories in DEFAULT mode.
2022-03-08 18:31:28,462 INFO org.springframework.data.repository.config.RepositoryConfigurationDelegate [main] Finished Spring Data repository scanning in 56 ms. Found 4 JPA repository interfaces.
2022-03-08 18:31:29,284 INFO org.springframework.boot.web.embedded.tomcat.TomcatWebServer [main] Tomcat initialized with port(s): 8080 (http)
2022-03-08 18:31:29,305 INFO org.apache.juli.logging.DirectJDKLog [main] Initializing ProtocolHandler ["http-nio-8080"]
2022-03-08 18:31:29,306 INFO org.apache.juli.logging.DirectJDKLog [main] Starting service [Tomcat]
2022-03-08 18:31:29,306 INFO org.apache.juli.logging.DirectJDKLog [main] Starting Servlet engine: [Apache Tomcat/9.0.54]
2022-03-08 18:31:29,460 INFO org.apache.juli.logging.DirectJDKLog [main] Initializing Spring embedded WebApplicationContext
2022-03-08 18:31:29,461 INFO org.springframework.boot.web.servlet.context.ServletWebServerApplicationContext [main] Root WebApplicationContext: initialization completed in 1651 ms
2022-03-08 18:31:29,516 INFO com.zaxxer.hikari.HikariDataSource [main] HikariPool-1 - Starting...
2022-03-08 18:31:29,718 INFO com.zaxxer.hikari.HikariDataSource [main] HikariPool-1 - Start completed.
2022-03-08 18:31:29,732 INFO org.springframework.boot.autoconfigure.h2.H2ConsoleAutoConfiguration [main] H2 console available at '/h2-console'. Database available at 'jdbc:h2:file:C:/Users/Jose/repartos.db'
2022-03-08 18:31:29,911 INFO org.hibernate.jpa.internal.util.LogHelper [main] HHH000204: Processing PersistenceUnitInfo [name: default]
2022-03-08 18:31:29,957 INFO org.hibernate.Version [main] HHH000412: Hibernate ORM core version 5.4.32.Final
2022-03-08 18:31:30,093 INFO org.hibernate.annotations.common.reflection.java.JavaReflectionManager [main] HCANN000001: Hibernate Commons Annotations {5.1.2.Final}
2022-03-08 18:31:30,208 INFO org.hibernate.dialect.Dialect [main] HHH000400: Using dialect: org.hibernate.dialect.H2Dialect
2022-03-08 18:31:31,002 INFO org.hibernate.engine.transaction.jta.platform.internal.JtaPlatformInitiator [main] HHH000490: Using JtaPlatform implementation: [org.hibernate.engine.transaction.jta.platform.internal.NoJtaPlatform]
2022-03-08 18:31:31,012 INFO org.springframework.orm.jpa.AbstractEntityManagerFactoryBean [main] Initialized JPA EntityManagerFactory for persistence unit 'default'
2022-03-08 18:31:31,518 WARN org.springframework.boot.autoconfigure.orm.jpa.JpaBaseConfiguration$JpaWebConfiguration [main] spring.jpa.open-in-view is enabled by default. Therefore, database queries may be performed during view rendering. Explicitly configure spring.jpa.open-in-view to disable this warning
2022-03-08 18:31:31,808 INFO org.apache.juli.logging.DirectJDKLog [main] Starting ProtocolHandler ["http-nio-8080"]
2022-03-08 18:31:31,838 INFO org.springframework.boot.web.embedded.tomcat.TomcatWebServer [main] Tomcat started on port(s): 8080 (http) with context path ''
2022-03-08 18:31:31,858 INFO org.springframework.boot.StartupInfoLogger [main] Started AccesoadatosaaApplication in 4.508 seconds (JVM running for 5.111)
2022-03-08 18:31:48,838 INFO org.apache.juli.logging.DirectJDKLog [http-nio-8080-exec-2] Initializing Spring DispatcherServlet 'dispatcherServlet'
2022-03-08 18:31:48,839 INFO org.springframework.web.servlet.FrameworkServlet [http-nio-8080-exec-2] Initializing Servlet 'dispatcherServlet'
2022-03-08 18:31:48,841 INFO org.springframework.web.servlet.FrameworkServlet [http-nio-8080-exec-2] Completed initialization in 2 ms
2022-03-08 18:35:22,699 INFO org.springframework.boot.StartupInfoLogger [main] Starting AccesoadatosaaApplication using Java 11.0.11 on DESKTOP-BU39U52 with PID 15064 (E:\Asignaturas\2SegundoCurso\AA1EvPara entregar\Api\accesoadatosaa\target\classes started by Jose in E:\Asignaturas\2SegundoCurso\AA1EvPara entregar\Api\accesoadatosaa)
2022-03-08 18:35:22,704 INFO org.springframework.boot.SpringApplication [main] No active profile set, falling back to default profiles: default
2022-03-08 18:35:23,457 INFO org.springframework.data.repository.config.RepositoryConfigurationDelegate [main] Bootstrapping Spring Data JPA repositories in DEFAULT mode.
2022-03-08 18:35:23,543 INFO org.springframework.data.repository.config.RepositoryConfigurationDelegate [main] Finished Spring Data repository scanning in 77 ms. Found 4 JPA repository interfaces.
2022-03-08 18:35:24,298 INFO org.springframework.boot.web.embedded.tomcat.TomcatWebServer [main] Tomcat initialized with port(s): 8080 (http)
2022-03-08 18:35:24,318 INFO org.apache.juli.logging.DirectJDKLog [main] Initializing ProtocolHandler ["http-nio-8080"]
2022-03-08 18:35:24,319 INFO org.apache.juli.logging.DirectJDKLog [main] Starting service [Tomcat]
2022-03-08 18:35:24,320 INFO org.apache.juli.logging.DirectJDKLog [main] Starting Servlet engine: [Apache Tomcat/9.0.54]
2022-03-08 18:35:24,457 INFO org.apache.juli.logging.DirectJDKLog [main] Initializing Spring embedded WebApplicationContext
2022-03-08 18:35:24,457 INFO org.springframework.boot.web.servlet.context.ServletWebServerApplicationContext [main] Root WebApplicationContext: initialization completed in 1680 ms
2022-03-08 18:35:24,500 INFO com.zaxxer.hikari.HikariDataSource [main] HikariPool-1 - Starting...
2022-03-08 18:35:24,718 INFO com.zaxxer.hikari.HikariDataSource [main] HikariPool-1 - Start completed.
2022-03-08 18:35:24,725 INFO org.springframework.boot.autoconfigure.h2.H2ConsoleAutoConfiguration [main] H2 console available at '/h2-console'. Database available at 'jdbc:h2:file:C:/Users/Jose/repartos.db'
2022-03-08 18:35:24,888 INFO org.hibernate.jpa.internal.util.LogHelper [main] HHH000204: Processing PersistenceUnitInfo [name: default]
2022-03-08 18:35:24,933 INFO org.hibernate.Version [main] HHH000412: Hibernate ORM core version 5.4.32.Final
2022-03-08 18:35:25,049 INFO org.hibernate.annotations.common.reflection.java.JavaReflectionManager [main] HCANN000001: Hibernate Commons Annotations {5.1.2.Final}
2022-03-08 18:35:25,155 INFO org.hibernate.dialect.Dialect [main] HHH000400: Using dialect: org.hibernate.dialect.H2Dialect
2022-03-08 18:35:25,882 INFO org.hibernate.engine.transaction.jta.platform.internal.JtaPlatformInitiator [main] HHH000490: Using JtaPlatform implementation: [org.hibernate.engine.transaction.jta.platform.internal.NoJtaPlatform]
2022-03-08 18:35:25,891 INFO org.springframework.orm.jpa.AbstractEntityManagerFactoryBean [main] Initialized JPA EntityManagerFactory for persistence unit 'default'
2022-03-08 18:35:26,372 WARN org.springframework.boot.autoconfigure.orm.jpa.JpaBaseConfiguration$JpaWebConfiguration [main] spring.jpa.open-in-view is enabled by default. Therefore, database queries may be performed during view rendering. Explicitly configure spring.jpa.open-in-view to disable this warning
2022-03-08 18:35:26,681 INFO org.apache.juli.logging.DirectJDKLog [main] Starting ProtocolHandler ["http-nio-8080"]
2022-03-08 18:35:26,702 INFO org.springframework.boot.web.embedded.tomcat.TomcatWebServer [main] Tomcat started on port(s): 8080 (http) with context path ''
2022-03-08 18:35:26,723 INFO org.springframework.boot.StartupInfoLogger [main] Started AccesoadatosaaApplication in 4.408 seconds (JVM running for 5.079)
2022-03-08 18:35:59,060 INFO org.apache.juli.logging.DirectJDKLog [http-nio-8080-exec-1] Initializing Spring DispatcherServlet 'dispatcherServlet'
2022-03-08 18:35:59,061 INFO org.springframework.web.servlet.FrameworkServlet [http-nio-8080-exec-1] Initializing Servlet 'dispatcherServlet'
2022-03-08 18:35:59,062 INFO org.springframework.web.servlet.FrameworkServlet [http-nio-8080-exec-1] Completed initialization in 1 ms
2022-03-08 18:36:23,866 INFO com.josefco.accesoadatosaa.controller.UsuarioController [http-nio-8080-exec-4] begin getUsuarios
2022-03-08 18:36:23,922 INFO com.josefco.accesoadatosaa.controller.UsuarioController [http-nio-8080-exec-4] end getUsuarios
2022-03-08 18:43:35,648 INFO org.springframework.boot.StartupInfoLogger [main] Starting AccesoadatosaaApplication using Java 11.0.11 on DESKTOP-BU39U52 with PID 12708 (E:\Asignaturas\2SegundoCurso\AA1EvPara entregar\Api\accesoadatosaa\target\classes started by Jose in E:\Asignaturas\2SegundoCurso\AA1EvPara entregar\Api\accesoadatosaa)
2022-03-08 18:43:35,653 INFO org.springframework.boot.SpringApplication [main] No active profile set, falling back to default profiles: default
2022-03-08 18:43:36,334 INFO org.springframework.data.repository.config.RepositoryConfigurationDelegate [main] Bootstrapping Spring Data JPA repositories in DEFAULT mode.
2022-03-08 18:43:36,388 INFO org.springframework.data.repository.config.RepositoryConfigurationDelegate [main] Finished Spring Data repository scanning in 46 ms. Found 4 JPA repository interfaces.
2022-03-08 18:43:37,220 INFO org.springframework.boot.web.embedded.tomcat.TomcatWebServer [main] Tomcat initialized with port(s): 8080 (http)
2022-03-08 18:43:37,239 INFO org.apache.juli.logging.DirectJDKLog [main] Initializing ProtocolHandler ["http-nio-8080"]
2022-03-08 18:43:37,241 INFO org.apache.juli.logging.DirectJDKLog [main] Starting service [Tomcat]
2022-03-08 18:43:37,242 INFO org.apache.juli.logging.DirectJDKLog [main] Starting Servlet engine: [Apache Tomcat/9.0.54]
2022-03-08 18:43:37,361 INFO org.apache.juli.logging.DirectJDKLog [main] Initializing Spring embedded WebApplicationContext
2022-03-08 18:43:37,361 INFO org.springframework.boot.web.servlet.context.ServletWebServerApplicationContext [main] Root WebApplicationContext: initialization completed in 1655 ms
2022-03-08 18:43:37,404 INFO com.zaxxer.hikari.HikariDataSource [main] HikariPool-1 - Starting...
2022-03-08 18:43:37,575 INFO com.zaxxer.hikari.HikariDataSource [main] HikariPool-1 - Start completed.
2022-03-08 18:43:37,586 INFO org.springframework.boot.autoconfigure.h2.H2ConsoleAutoConfiguration [main] H2 console available at '/h2-console'. Database available at 'jdbc:h2:file:C:/Users/Jose/repartos.db'
2022-03-08 18:43:37,768 INFO org.hibernate.jpa.internal.util.LogHelper [main] HHH000204: Processing PersistenceUnitInfo [name: default]
2022-03-08 18:43:37,814 INFO org.hibernate.Version [main] HHH000412: Hibernate ORM core version 5.4.32.Final
2022-03-08 18:43:37,930 INFO org.hibernate.annotations.common.reflection.java.JavaReflectionManager [main] HCANN000001: Hibernate Commons Annotations {5.1.2.Final}
2022-03-08 18:43:38,016 INFO org.hibernate.dialect.Dialect [main] HHH000400: Using dialect: org.hibernate.dialect.H2Dialect
2022-03-08 18:43:38,943 INFO org.hibernate.engine.transaction.jta.platform.internal.JtaPlatformInitiator [main] HHH000490: Using JtaPlatform implementation: [org.hibernate.engine.transaction.jta.platform.internal.NoJtaPlatform]
2022-03-08 18:43:38,954 INFO org.springframework.orm.jpa.AbstractEntityManagerFactoryBean [main] Initialized JPA EntityManagerFactory for persistence unit 'default'
2022-03-08 18:43:39,542 WARN org.springframework.boot.autoconfigure.orm.jpa.JpaBaseConfiguration$JpaWebConfiguration [main] spring.jpa.open-in-view is enabled by default. Therefore, database queries may be performed during view rendering. Explicitly configure spring.jpa.open-in-view to disable this warning
2022-03-08 18:43:39,873 INFO org.apache.juli.logging.DirectJDKLog [main] Starting ProtocolHandler ["http-nio-8080"]
2022-03-08 18:43:39,898 INFO org.springframework.boot.web.embedded.tomcat.TomcatWebServer [main] Tomcat started on port(s): 8080 (http) with context path ''
2022-03-08 18:43:39,909 INFO org.springframework.boot.StartupInfoLogger [main] Started AccesoadatosaaApplication in 4.695 seconds (JVM running for 5.331)
2022-03-08 18:43:45,656 INFO org.apache.juli.logging.DirectJDKLog [http-nio-8080-exec-2] Initializing Spring DispatcherServlet 'dispatcherServlet'
2022-03-08 18:43:45,657 INFO org.springframework.web.servlet.FrameworkServlet [http-nio-8080-exec-2] Initializing Servlet 'dispatcherServlet'
2022-03-08 18:43:45,658 INFO org.springframework.web.servlet.FrameworkServlet [http-nio-8080-exec-2] Completed initialization in 1 ms
2022-03-08 18:43:45,706 INFO com.josefco.accesoadatosaa.controller.PaqueteController [http-nio-8080-exec-2] begin findAllPaquetees
2022-03-08 18:43:45,775 INFO com.josefco.accesoadatosaa.controller.PaqueteController [http-nio-8080-exec-2] end findAllPaquetees
2022-03-08 18:44:01,410 INFO com.josefco.accesoadatosaa.controller.PaqueteController [http-nio-8080-exec-3] begin findPaquete by id 97
2022-03-08 18:44:01,419 INFO com.josefco.accesoadatosaa.controller.PaqueteController [http-nio-8080-exec-3] end findPaquete by id 97
2022-03-08 18:44:14,700 INFO com.josefco.accesoadatosaa.controller.PaqueteController [http-nio-8080-exec-4] start getPaquetesFilter
2022-03-08 18:44:14,740 INFO com.josefco.accesoadatosaa.controller.PaqueteController [http-nio-8080-exec-4] end getPaquetesFilter
2022-03-08 18:44:24,395 INFO com.josefco.accesoadatosaa.controller.UsuarioController [http-nio-8080-exec-5] begin getUsuarios
2022-03-08 18:44:24,405 INFO com.josefco.accesoadatosaa.controller.UsuarioController [http-nio-8080-exec-5] end getUsuarios
