2021-12-11 06:09:15,016 INFO org.springframework.boot.StartupInfoLogger [main] Starting AccesoadatosaaApplication using Java 11.0.11 on DESKTOP-BU39U52 with PID 21300 (C:\Users\Jose\Desktop\accesoadatosaa\target\classes started by Jose in C:\Users\Jose\Desktop\accesoadatosaa)
2021-12-11 06:09:15,019 INFO org.springframework.boot.SpringApplication [main] No active profile set, falling back to default profiles: default
2021-12-11 06:09:15,749 INFO org.springframework.data.repository.config.RepositoryConfigurationDelegate [main] Bootstrapping Spring Data JPA repositories in DEFAULT mode.
2021-12-11 06:09:15,840 INFO org.springframework.data.repository.config.RepositoryConfigurationDelegate [main] Finished Spring Data repository scanning in 78 ms. Found 4 JPA repository interfaces.
2021-12-11 06:09:16,599 INFO org.springframework.boot.web.embedded.tomcat.TomcatWebServer [main] Tomcat initialized with port(s): 8080 (http)
2021-12-11 06:09:16,611 INFO org.apache.juli.logging.DirectJDKLog [main] Initializing ProtocolHandler ["http-nio-8080"]
2021-12-11 06:09:16,612 INFO org.apache.juli.logging.DirectJDKLog [main] Starting service [Tomcat]
2021-12-11 06:09:16,612 INFO org.apache.juli.logging.DirectJDKLog [main] Starting Servlet engine: [Apache Tomcat/9.0.54]
2021-12-11 06:09:16,729 INFO org.apache.juli.logging.DirectJDKLog [main] Initializing Spring embedded WebApplicationContext
2021-12-11 06:09:16,729 INFO org.springframework.boot.web.servlet.context.ServletWebServerApplicationContext [main] Root WebApplicationContext: initialization completed in 1657 ms
2021-12-11 06:09:16,771 INFO com.zaxxer.hikari.HikariDataSource [main] HikariPool-1 - Starting...
2021-12-11 06:09:16,943 INFO com.zaxxer.hikari.HikariDataSource [main] HikariPool-1 - Start completed.
2021-12-11 06:09:16,950 INFO org.springframework.boot.autoconfigure.h2.H2ConsoleAutoConfiguration [main] H2 console available at '/h2-console'. Database available at 'jdbc:h2:file:C:/Users/Jose/repartos.db'
2021-12-11 06:09:17,106 INFO org.hibernate.jpa.internal.util.LogHelper [main] HHH000204: Processing PersistenceUnitInfo [name: default]
2021-12-11 06:09:17,155 INFO org.hibernate.Version [main] HHH000412: Hibernate ORM core version 5.4.32.Final
2021-12-11 06:09:17,282 INFO org.hibernate.annotations.common.reflection.java.JavaReflectionManager [main] HCANN000001: Hibernate Commons Annotations {5.1.2.Final}
2021-12-11 06:09:17,393 INFO org.hibernate.dialect.Dialect [main] HHH000400: Using dialect: org.hibernate.dialect.H2Dialect
2021-12-11 06:09:18,136 INFO org.hibernate.engine.transaction.jta.platform.internal.JtaPlatformInitiator [main] HHH000490: Using JtaPlatform implementation: [org.hibernate.engine.transaction.jta.platform.internal.NoJtaPlatform]
2021-12-11 06:09:18,147 INFO org.springframework.orm.jpa.AbstractEntityManagerFactoryBean [main] Initialized JPA EntityManagerFactory for persistence unit 'default'
2021-12-11 06:09:18,520 WARN org.springframework.boot.autoconfigure.orm.jpa.JpaBaseConfiguration$JpaWebConfiguration [main] spring.jpa.open-in-view is enabled by default. Therefore, database queries may be performed during view rendering. Explicitly configure spring.jpa.open-in-view to disable this warning
2021-12-11 06:09:18,811 INFO org.apache.juli.logging.DirectJDKLog [main] Starting ProtocolHandler ["http-nio-8080"]
2021-12-11 06:09:18,835 INFO org.springframework.boot.web.embedded.tomcat.TomcatWebServer [main] Tomcat started on port(s): 8080 (http) with context path ''
2021-12-11 06:09:18,847 INFO org.springframework.boot.StartupInfoLogger [main] Started AccesoadatosaaApplication in 4.272 seconds (JVM running for 5.016)
2021-12-11 06:09:38,367 INFO org.apache.juli.logging.DirectJDKLog [http-nio-8080-exec-1] Initializing Spring DispatcherServlet 'dispatcherServlet'
2021-12-11 06:09:38,368 INFO org.springframework.web.servlet.FrameworkServlet [http-nio-8080-exec-1] Initializing Servlet 'dispatcherServlet'
2021-12-11 06:09:38,369 INFO org.springframework.web.servlet.FrameworkServlet [http-nio-8080-exec-1] Completed initialization in 1 ms
2021-12-11 06:13:21,941 INFO org.springframework.boot.StartupInfoLogger [main] Starting AccesoadatosaaApplication using Java 11.0.11 on DESKTOP-BU39U52 with PID 11664 (C:\Users\Jose\Desktop\accesoadatosaa\target\classes started by Jose in C:\Users\Jose\Desktop\accesoadatosaa)
2021-12-11 06:13:21,944 INFO org.springframework.boot.SpringApplication [main] No active profile set, falling back to default profiles: default
2021-12-11 06:13:22,623 INFO org.springframework.data.repository.config.RepositoryConfigurationDelegate [main] Bootstrapping Spring Data JPA repositories in DEFAULT mode.
2021-12-11 06:13:22,698 INFO org.springframework.data.repository.config.RepositoryConfigurationDelegate [main] Finished Spring Data repository scanning in 64 ms. Found 4 JPA repository interfaces.
2021-12-11 06:13:23,398 INFO org.springframework.boot.web.embedded.tomcat.TomcatWebServer [main] Tomcat initialized with port(s): 8080 (http)
2021-12-11 06:13:23,409 INFO org.apache.juli.logging.DirectJDKLog [main] Initializing ProtocolHandler ["http-nio-8080"]
2021-12-11 06:13:23,409 INFO org.apache.juli.logging.DirectJDKLog [main] Starting service [Tomcat]
2021-12-11 06:13:23,410 INFO org.apache.juli.logging.DirectJDKLog [main] Starting Servlet engine: [Apache Tomcat/9.0.54]
2021-12-11 06:13:23,516 INFO org.apache.juli.logging.DirectJDKLog [main] Initializing Spring embedded WebApplicationContext
2021-12-11 06:13:23,517 INFO org.springframework.boot.web.servlet.context.ServletWebServerApplicationContext [main] Root WebApplicationContext: initialization completed in 1514 ms
2021-12-11 06:13:23,550 INFO com.zaxxer.hikari.HikariDataSource [main] HikariPool-1 - Starting...
2021-12-11 06:13:23,709 INFO com.zaxxer.hikari.HikariDataSource [main] HikariPool-1 - Start completed.
2021-12-11 06:13:23,716 INFO org.springframework.boot.autoconfigure.h2.H2ConsoleAutoConfiguration [main] H2 console available at '/h2-console'. Database available at 'jdbc:h2:file:C:/Users/Jose/repartos.db'
2021-12-11 06:13:23,882 INFO org.hibernate.jpa.internal.util.LogHelper [main] HHH000204: Processing PersistenceUnitInfo [name: default]
2021-12-11 06:13:23,939 INFO org.hibernate.Version [main] HHH000412: Hibernate ORM core version 5.4.32.Final
2021-12-11 06:13:24,083 INFO org.hibernate.annotations.common.reflection.java.JavaReflectionManager [main] HCANN000001: Hibernate Commons Annotations {5.1.2.Final}
2021-12-11 06:13:24,223 INFO org.hibernate.dialect.Dialect [main] HHH000400: Using dialect: org.hibernate.dialect.H2Dialect
2021-12-11 06:13:24,997 INFO org.hibernate.engine.transaction.jta.platform.internal.JtaPlatformInitiator [main] HHH000490: Using JtaPlatform implementation: [org.hibernate.engine.transaction.jta.platform.internal.NoJtaPlatform]
2021-12-11 06:13:25,008 INFO org.springframework.orm.jpa.AbstractEntityManagerFactoryBean [main] Initialized JPA EntityManagerFactory for persistence unit 'default'
2021-12-11 06:13:25,464 WARN org.springframework.boot.autoconfigure.orm.jpa.JpaBaseConfiguration$JpaWebConfiguration [main] spring.jpa.open-in-view is enabled by default. Therefore, database queries may be performed during view rendering. Explicitly configure spring.jpa.open-in-view to disable this warning
2021-12-11 06:13:25,782 INFO org.apache.juli.logging.DirectJDKLog [main] Starting ProtocolHandler ["http-nio-8080"]
2021-12-11 06:13:25,805 INFO org.springframework.boot.web.embedded.tomcat.TomcatWebServer [main] Tomcat started on port(s): 8080 (http) with context path ''
2021-12-11 06:13:25,816 INFO org.springframework.boot.StartupInfoLogger [main] Started AccesoadatosaaApplication in 4.294 seconds (JVM running for 4.981)
2021-12-11 06:13:46,177 INFO org.apache.juli.logging.DirectJDKLog [http-nio-8080-exec-1] Initializing Spring DispatcherServlet 'dispatcherServlet'
2021-12-11 06:13:46,178 INFO org.springframework.web.servlet.FrameworkServlet [http-nio-8080-exec-1] Initializing Servlet 'dispatcherServlet'
2021-12-11 06:13:46,179 INFO org.springframework.web.servlet.FrameworkServlet [http-nio-8080-exec-1] Completed initialization in 1 ms
2021-12-11 06:13:46,203 INFO com.josefco.accesoadatosaa.controller.ConductorController [http-nio-8080-exec-1] begin findAllConductores
2021-12-11 06:13:46,364 INFO com.josefco.accesoadatosaa.controller.ConductorController [http-nio-8080-exec-1] end findAllConductores
2021-12-11 06:15:21,301 INFO org.springframework.boot.StartupInfoLogger [main] Starting AccesoadatosaaApplication using Java 11.0.11 on DESKTOP-BU39U52 with PID 7680 (C:\Users\Jose\Desktop\accesoadatosaa\target\classes started by Jose in C:\Users\Jose\Desktop\accesoadatosaa)
2021-12-11 06:15:21,304 INFO org.springframework.boot.SpringApplication [main] No active profile set, falling back to default profiles: default
2021-12-11 06:15:21,979 INFO org.springframework.data.repository.config.RepositoryConfigurationDelegate [main] Bootstrapping Spring Data JPA repositories in DEFAULT mode.
2021-12-11 06:15:22,060 INFO org.springframework.data.repository.config.RepositoryConfigurationDelegate [main] Finished Spring Data repository scanning in 69 ms. Found 4 JPA repository interfaces.
2021-12-11 06:15:22,745 INFO org.springframework.boot.web.embedded.tomcat.TomcatWebServer [main] Tomcat initialized with port(s): 8080 (http)
2021-12-11 06:15:22,757 INFO org.apache.juli.logging.DirectJDKLog [main] Initializing ProtocolHandler ["http-nio-8080"]
2021-12-11 06:15:22,758 INFO org.apache.juli.logging.DirectJDKLog [main] Starting service [Tomcat]
2021-12-11 06:15:22,758 INFO org.apache.juli.logging.DirectJDKLog [main] Starting Servlet engine: [Apache Tomcat/9.0.54]
2021-12-11 06:15:22,883 INFO org.apache.juli.logging.DirectJDKLog [main] Initializing Spring embedded WebApplicationContext
2021-12-11 06:15:22,884 INFO org.springframework.boot.web.servlet.context.ServletWebServerApplicationContext [main] Root WebApplicationContext: initialization completed in 1525 ms
2021-12-11 06:15:22,917 INFO com.zaxxer.hikari.HikariDataSource [main] HikariPool-1 - Starting...
2021-12-11 06:15:23,076 INFO com.zaxxer.hikari.HikariDataSource [main] HikariPool-1 - Start completed.
2021-12-11 06:15:23,083 INFO org.springframework.boot.autoconfigure.h2.H2ConsoleAutoConfiguration [main] H2 console available at '/h2-console'. Database available at 'jdbc:h2:file:C:/Users/Jose/repartos.db'
2021-12-11 06:15:23,235 INFO org.hibernate.jpa.internal.util.LogHelper [main] HHH000204: Processing PersistenceUnitInfo [name: default]
2021-12-11 06:15:23,286 INFO org.hibernate.Version [main] HHH000412: Hibernate ORM core version 5.4.32.Final
2021-12-11 06:15:23,408 INFO org.hibernate.annotations.common.reflection.java.JavaReflectionManager [main] HCANN000001: Hibernate Commons Annotations {5.1.2.Final}
2021-12-11 06:15:23,519 INFO org.hibernate.dialect.Dialect [main] HHH000400: Using dialect: org.hibernate.dialect.H2Dialect
2021-12-11 06:15:24,235 INFO org.hibernate.engine.transaction.jta.platform.internal.JtaPlatformInitiator [main] HHH000490: Using JtaPlatform implementation: [org.hibernate.engine.transaction.jta.platform.internal.NoJtaPlatform]
2021-12-11 06:15:24,246 INFO org.springframework.orm.jpa.AbstractEntityManagerFactoryBean [main] Initialized JPA EntityManagerFactory for persistence unit 'default'
2021-12-11 06:15:24,604 WARN org.springframework.boot.autoconfigure.orm.jpa.JpaBaseConfiguration$JpaWebConfiguration [main] spring.jpa.open-in-view is enabled by default. Therefore, database queries may be performed during view rendering. Explicitly configure spring.jpa.open-in-view to disable this warning
2021-12-11 06:15:24,873 INFO org.apache.juli.logging.DirectJDKLog [main] Starting ProtocolHandler ["http-nio-8080"]
2021-12-11 06:15:24,895 INFO org.springframework.boot.web.embedded.tomcat.TomcatWebServer [main] Tomcat started on port(s): 8080 (http) with context path ''
2021-12-11 06:15:24,905 INFO org.springframework.boot.StartupInfoLogger [main] Started AccesoadatosaaApplication in 4.015 seconds (JVM running for 4.68)
2021-12-11 06:15:30,833 INFO org.apache.juli.logging.DirectJDKLog [http-nio-8080-exec-1] Initializing Spring DispatcherServlet 'dispatcherServlet'
2021-12-11 06:15:30,834 INFO org.springframework.web.servlet.FrameworkServlet [http-nio-8080-exec-1] Initializing Servlet 'dispatcherServlet'
2021-12-11 06:15:30,835 INFO org.springframework.web.servlet.FrameworkServlet [http-nio-8080-exec-1] Completed initialization in 1 ms
2021-12-11 06:15:30,872 INFO com.josefco.accesoadatosaa.controller.ConductorController [http-nio-8080-exec-1] begin findConductor1
2021-12-11 06:15:30,952 INFO com.josefco.accesoadatosaa.controller.ConductorController [http-nio-8080-exec-1] end findConductor1
